{"numFailedTestSuites":0,"numFailedTests":0,"numPassedTestSuites":18,"numPassedTests":112,"numPendingTestSuites":0,"numPendingTests":0,"numRuntimeErrorTestSuites":0,"numTodoTests":0,"numTotalTestSuites":18,"numTotalTests":112,"openHandles":[],"snapshot":{"added":0,"didUpdate":false,"failure":false,"filesAdded":0,"filesRemoved":0,"filesRemovedList":[],"filesUnmatched":0,"filesUpdated":0,"matched":0,"total":0,"unchecked":0,"uncheckedKeysByFile":[],"unmatched":0,"updated":0},"startTime":1786369160121,"success":true,"testResults":[{"assertionResults":[{"ancestorTitles":["Legacy Migration Safety"],"duration":1057,"failing":false,"failureDetails":[],"failureMessages":[],"fullName":"Legacy Migration Safety LEGACY DEFAULT NO-WRITE: should not mutate database if --execute is not provided (dry-run)","invocations":1,"location":null,"numPassingAsserts":2,"retryReasons":[],"startAt":1786369161762,"status":"passed","title":"LEGACY DEFAULT NO-WRITE: should not mutate database if --execute is not provided (dry-run)"},{"ancestorTitles":["Legacy Migration Safety"],"duration":907,"failing":false,"failureDetails":[],"failureMessages":[],"fullName":"Legacy Migration Safety LEGACY DRY-RUN: same behavior as default no-write","invocations":1,"location":null,"numPassingAsserts":2,"retryReasons":[],"startAt":1786369162821,"status":"passed","title":"LEGACY DRY-RUN: same behavior as default no-write"},{"ancestorTitles":["Legacy Migration Safety"],"duration":792,"failing":false,"failureDetails":[],"failureMessages":[],"fullName":"Legacy Migration Safety LEGACY EXPECTED-DB GUARD: should block execution if --expected-db is missing","invocations":1,"location":null,"numPassingAsserts":2,"retryReasons":[],"startAt":1786369163729,"status":"passed","title":"LEGACY EXPECTED-DB GUARD: should block execution if --expected-db is missing"},{"ancestorTitles":["Legacy Migration Safety"],"duration":813,"failing":false,"failureDetails":[],"failureMessages":[],"fullName":"Legacy Migration Safety LEGACY EXPECTED-DB GUARD: should block execution if --expected-db does not match current_database()","invocations":1,"location":null,"numPassingAsserts":2,"retryReasons":[],"startAt":1786369164522,"status":"passed","title":"LEGACY EXPECTED-DB GUARD: should block execution if --expected-db does not match current_database()"},{"ancestorTitles":["Legacy Migration Safety"],"duration":3217,"failing":false,"failureDetails":[],"failureMessages":[],"fullName":"Legacy Migration Safety LEGACY PROTECTED-DB GUARD: should block execution if target is a protected database","invocations":1,"location":null,"numPassingAsserts":8,"retryReasons":[],"startAt":1786369165336,"status":"passed","title":"LEGACY PROTECTED-DB GUARD: should block execution if target is a protected database"},{"ancestorTitles":["Legacy Migration Safety"],"duration":946,"failing":false,"failureDetails":[],"failureMessages":[],"fullName":"Legacy Migration Safety LEGACY CONCURRENT LOCK: should block execution if another process holds the advisory lock","invocations":1,"location":null,"numPassingAsserts":3,"retryReasons":[],"startAt":1786369168554,"status":"passed","title":"LEGACY CONCURRENT LOCK: should block execution if another process holds the advisory lock"},{"ancestorTitles":["Legacy Migration Safety"],"duration":1034,"failing":false,"failureDetails":[],"failureMessages":[],"fullName":"Legacy Migration Safety LEGACY UNLOCK SUCCESS: should successfully migrate and release the advisory lock","invocations":1,"location":null,"numPassingAsserts":2,"retryReasons":[],"startAt":1786369169501,"status":"passed","title":"LEGACY UNLOCK SUCCESS: should successfully migrate and release the advisory lock"},{"ancestorTitles":["Legacy Migration Safety"],"duration":1022,"failing":false,"failureDetails":[],"failureMessages":[],"fullName":"Legacy Migration Safety LEGACY IDEMPOTENCY: should be idempotent on rerun","invocations":1,"location":null,"numPassingAsserts":2,"retryReasons":[],"startAt":1786369170536,"status":"passed","title":"LEGACY IDEMPOTENCY: should be idempotent on rerun"},{"ancestorTitles":["Legacy Migration Safety"],"duration":967,"failing":false,"failureDetails":[],"failureMessages":[],"fullName":"Legacy Migration Safety LEGACY UNKNOWN COUNTRY: should handle unknown countries safely and write to legacy fallback","invocations":1,"location":null,"numPassingAsserts":4,"retryReasons":[],"startAt":1786369171559,"status":"passed","title":"LEGACY UNKNOWN COUNTRY: should handle unknown countries safely and write to legacy fallback"},{"ancestorTitles":["Legacy Migration Safety"],"duration":1150,"failing":false,"failureDetails":[],"failureMessages":[],"fullName":"Legacy Migration Safety LEGACY RECORD FAILURE ISOLATION: should isolate per-record DB failures and not crash the whole migration","invocations":1,"location":null,"numPassingAsserts":3,"retryReasons":[],"startAt":1786369172527,"status":"passed","title":"LEGACY RECORD FAILURE ISOLATION: should isolate per-record DB failures and not crash the whole migration"},{"ancestorTitles":["Legacy Migration Safety"],"duration":939,"failing":false,"failureDetails":[],"failureMessages":[],"fullName":"Legacy Migration Safety LEGACY CRYPTO PLAINTEXT PROTECTION & LEGACY PII REDACTION: should never fallback to plaintext on crypto failure and omit PII from logs","invocations":1,"location":null,"numPassingAsserts":7,"retryReasons":[],"startAt":1786369173678,"status":"passed","title":"LEGACY CRYPTO PLAINTEXT PROTECTION & LEGACY PII REDACTION: should never fallback to plaintext on crypto failure and omit PII from logs"},{"ancestorTitles":["Legacy Migration Safety"],"duration":1172,"failing":false,"failureDetails":[],"failureMessages":[],"fullName":"Legacy Migration Safety LEGACY UNLOCK FAILURE & LEGACY DISCONNECT FAILURE PATH: should unlock and disconnect even if migration fails completely","invocations":1,"location":null,"numPassingAsserts":4,"retryReasons":[],"startAt":1786369174618,"status":"passed","title":"LEGACY UNLOCK FAILURE & LEGACY DISCONNECT FAILURE PATH: should unlock and disconnect even if migration fails completely"}],"endTime":1786369175798,"message":"","name":"C:\\Users\\user\\Documents\\JD SOFTWARE PROJECTS\\RENTipid\\tests\\address-system\\legacy-migration-safety.test.ts","startTime":1786369160868,"status":"passed","summary":""},{"assertionResults":[{"ancestorTitles":["Address Country Change & Meaningful Data Check"],"duration":477,"failing":false,"failureDetails":[],"failureMessages":[],"fullName":"Address Country Change & Meaningful Data Check should ask for confirmation if zero coordinates are present","invocations":1,"location":null,"numPassingAsserts":1,"retryReasons":[],"startAt":1786369178429,"status":"passed","title":"should ask for confirmation if zero coordinates are present"},{"ancestorTitles":["Address Country Change & Meaningful Data Check"],"duration":261,"failing":false,"failureDetails":[],"failureMessages":[],"fullName":"Address Country Change & Meaningful Data Check should not ask for confirmation if ONLY countryCode is present (no meaningful data)","invocations":1,"location":null,"numPassingAsserts":1,"retryReasons":[],"startAt":1786369178909,"status":"passed","title":"should not ask for confirmation if ONLY countryCode is present (no meaningful data)"},{"ancestorTitles":["Address Country Change & Meaningful Data Check"],"duration":157,"failing":false,"failureDetails":[],"failureMessages":[],"fullName":"Address Country Change & Meaningful Data Check should ask for confirmation if providerPlaceId is present","invocations":1,"location":null,"numPassingAsserts":1,"retryReasons":[],"startAt":1786369179171,"status":"passed","title":"should ask for confirmation if providerPlaceId is present"},{"ancestorTitles":["Address Country Change & Meaningful Data Check"],"duration":253,"failing":false,"failureDetails":[],"failureMessages":[],"fullName":"Address Country Change & Meaningful Data Check should treat manual data as meaningful and clear on confirm","invocations":1,"location":null,"numPassingAsserts":3,"retryReasons":[],"startAt":1786369179329,"status":"passed","title":"should treat manual data as meaningful and clear on confirm"},{"ancestorTitles":["Address Country Change & Meaningful Data Check"],"duration":241,"failing":false,"failureDetails":[],"failureMessages":[],"fullName":"Address Country Change & Meaningful Data Check should treat provider data as meaningful and clear on confirm","invocations":1,"location":null,"numPassingAsserts":3,"retryReasons":[],"startAt":1786369179583,"status":"passed","title":"should treat provider data as meaningful and clear on confirm"},{"ancestorTitles":["Address Country Change & Meaningful Data Check"],"duration":231,"failing":false,"failureDetails":[],"failureMessages":[],"fullName":"Address Country Change & Meaningful Data Check should treat line2-only as meaningful and clear on confirm","invocations":1,"location":null,"numPassingAsserts":3,"retryReasons":[],"startAt":1786369179825,"status":"passed","title":"should treat line2-only as meaningful and clear on confirm"},{"ancestorTitles":["Address Country Change & Meaningful Data Check"],"duration":221,"failing":false,"failureDetails":[],"failureMessages":[],"fullName":"Address Country Change & Meaningful Data Check should treat postal-only as meaningful and clear on confirm","invocations":1,"location":null,"numPassingAsserts":3,"retryReasons":[],"startAt":1786369180056,"status":"passed","title":"should treat postal-only as meaningful and clear on confirm"},{"ancestorTitles":["Address Country Change & Meaningful Data Check"],"duration":205,"failing":false,"failureDetails":[],"failureMessages":[],"fullName":"Address Country Change & Meaningful Data Check should treat administrativeArea2-only as meaningful and clear on confirm","invocations":1,"location":null,"numPassingAsserts":3,"retryReasons":[],"startAt":1786369180277,"status":"passed","title":"should treat administrativeArea2-only as meaningful and clear on confirm"},{"ancestorTitles":["Address Country Change & Meaningful Data Check"],"duration":205,"failing":false,"failureDetails":[],"failureMessages":[],"fullName":"Address Country Change & Meaningful Data Check should treat latitude = 0 as meaningful and clear on confirm","invocations":1,"location":null,"numPassingAsserts":3,"retryReasons":[],"startAt":1786369180482,"status":"passed","title":"should treat latitude = 0 as meaningful and clear on confirm"},{"ancestorTitles":["Address Country Change & Meaningful Data Check"],"duration":202,"failing":false,"failureDetails":[],"failureMessages":[],"fullName":"Address Country Change & Meaningful Data Check should treat longitude = 0 as meaningful and clear on confirm","invocations":1,"location":null,"numPassingAsserts":3,"retryReasons":[],"startAt":1786369180688,"status":"passed","title":"should treat longitude = 0 as meaningful and clear on confirm"},{"ancestorTitles":["Address Country Change & Meaningful Data Check"],"duration":200,"failing":false,"failureDetails":[],"failureMessages":[],"fullName":"Address Country Change & Meaningful Data Check should treat providerPlaceId as meaningful and clear on confirm","invocations":1,"location":null,"numPassingAsserts":3,"retryReasons":[],"startAt":1786369180891,"status":"passed","title":"should treat providerPlaceId as meaningful and clear on confirm"},{"ancestorTitles":["Address Country Change & Meaningful Data Check"],"duration":201,"failing":false,"failureDetails":[],"failureMessages":[],"fullName":"Address Country Change & Meaningful Data Check should treat non-default validation state as meaningful and clear on confirm","invocations":1,"location":null,"numPassingAsserts":3,"retryReasons":[],"startAt":1786369181091,"status":"passed","title":"should treat non-default validation state as meaningful and clear on confirm"}],"endTime":1786369181299,"message":"","name":"C:\\Users\\user\\Documents\\JD SOFTWARE PROJECTS\\RENTipid\\tests\\address-system\\address-country-change.test.tsx","startTime":1786369177514,"status":"passed","summary":""},{"assertionResults":[{"ancestorTitles":["Business Lifecycle & Address Tests"],"duration":332,"failing":false,"failureDetails":[],"failureMessages":[],"fullName":"Business Lifecycle & Address Tests should create, clear, and recreate a business address correctly (lifecycle)","invocations":1,"location":null,"numPassingAsserts":8,"retryReasons":[],"startAt":1786369182732,"status":"passed","title":"should create, clear, and recreate a business address correctly (lifecycle)"},{"ancestorTitles":["Business Lifecycle & Address Tests"],"duration":142,"failing":false,"failureDetails":[],"failureMessages":[],"fullName":"Business Lifecycle & Address Tests should be idempotent under concurrent overlapping Profile PATCH submissions","invocations":1,"location":null,"numPassingAsserts":4,"retryReasons":[],"startAt":1786369183066,"status":"passed","title":"should be idempotent under concurrent overlapping Profile PATCH submissions"},{"ancestorTitles":["Business Lifecycle & Address Tests"],"duration":544,"failing":false,"failureDetails":[],"failureMessages":[],"fullName":"Business Lifecycle & Address Tests should rollback business address creation if an error occurs in the transaction","invocations":1,"location":null,"numPassingAsserts":15,"retryReasons":[],"startAt":1786369183208,"status":"passed","title":"should rollback business address creation if an error occurs in the transaction"}],"endTime":1786369183758,"message":"","name":"C:\\Users\\user\\Documents\\JD SOFTWARE PROJECTS\\RENTipid\\tests\\address-system\\business-lifecycle.test.ts","startTime":1786369181362,"status":"passed","summary":""},{"assertionResults":[{"ancestorTitles":["Address System Token Authority"],"duration":350,"failing":false,"failureDetails":[],"failureMessages":[],"fullName":"Address System Token Authority should persist canonical token value even if browser addressLine1 is tampered","invocations":1,"location":null,"numPassingAsserts":3,"retryReasons":[],"startAt":1786369184845,"status":"passed","title":"should persist canonical token value even if browser addressLine1 is tampered"},{"ancestorTitles":["Address System Token Authority"],"duration":39,"failing":false,"failureDetails":[],"failureMessages":[],"fullName":"Address System Token Authority should persist canonical token value even if browser addressLine2 is tampered","invocations":1,"location":null,"numPassingAsserts":3,"retryReasons":[],"startAt":1786369185197,"status":"passed","title":"should persist canonical token value even if browser addressLine2 is tampered"},{"ancestorTitles":["Address System Token Authority"],"duration":34,"failing":false,"failureDetails":[],"failureMessages":[],"fullName":"Address System Token Authority should persist canonical token value even if browser postalCode is tampered","invocations":1,"location":null,"numPassingAsserts":3,"retryReasons":[],"startAt":1786369185237,"status":"passed","title":"should persist canonical token value even if browser postalCode is tampered"},{"ancestorTitles":["Address System Token Authority"],"duration":35,"failing":false,"failureDetails":[],"failureMessages":[],"fullName":"Address System Token Authority should persist canonical token value even if browser countryCode is tampered","invocations":1,"location":null,"numPassingAsserts":3,"retryReasons":[],"startAt":1786369185272,"status":"passed","title":"should persist canonical token value even if browser countryCode is tampered"},{"ancestorTitles":["Address System Token Authority"],"duration":34,"failing":false,"failureDetails":[],"failureMessages":[],"fullName":"Address System Token Authority should persist canonical token value even if browser latitude is tampered","invocations":1,"location":null,"numPassingAsserts":3,"retryReasons":[],"startAt":1786369185308,"status":"passed","title":"should persist canonical token value even if browser latitude is tampered"},{"ancestorTitles":["Address System Token Authority"],"duration":34,"failing":false,"failureDetails":[],"failureMessages":[],"fullName":"Address System Token Authority should persist canonical token value even if browser longitude is tampered","invocations":1,"location":null,"numPassingAsserts":3,"retryReasons":[],"startAt":1786369185343,"status":"passed","title":"should persist canonical token value even if browser longitude is tampered"},{"ancestorTitles":["Address System Token Authority"],"duration":37,"failing":false,"failureDetails":[],"failureMessages":[],"fullName":"Address System Token Authority should persist canonical token value even if browser providerPlaceId is tampered","invocations":1,"location":null,"numPassingAsserts":3,"retryReasons":[],"startAt":1786369185378,"status":"passed","title":"should persist canonical token value even if browser providerPlaceId is tampered"},{"ancestorTitles":["Address System Token Authority"],"duration":32,"failing":false,"failureDetails":[],"failureMessages":[],"fullName":"Address System Token Authority should persist canonical token value even if browser validationStatus is tampered","invocations":1,"location":null,"numPassingAsserts":4,"retryReasons":[],"startAt":1786369185416,"status":"passed","title":"should persist canonical token value even if browser validationStatus is tampered"},{"ancestorTitles":["Address System Token Authority"],"duration":33,"failing":false,"failureDetails":[],"failureMessages":[],"fullName":"Address System Token Authority should reject a token issued to a different user (wrong-user)","invocations":1,"location":null,"numPassingAsserts":5,"retryReasons":[],"startAt":1786369185449,"status":"passed","title":"should reject a token issued to a different user (wrong-user)"},{"ancestorTitles":["Address System Token Authority"],"duration":35,"failing":false,"failureDetails":[],"failureMessages":[],"fullName":"Address System Token Authority should downgrade if token is expired","invocations":1,"location":null,"numPassingAsserts":5,"retryReasons":[],"startAt":1786369185483,"status":"passed","title":"should downgrade if token is expired"},{"ancestorTitles":["Address System Token Authority"],"duration":31,"failing":false,"failureDetails":[],"failureMessages":[],"fullName":"Address System Token Authority should downgrade manual requests claiming GOOGLE independently","invocations":1,"location":null,"numPassingAsserts":3,"retryReasons":[],"startAt":1786369185519,"status":"passed","title":"should downgrade manual requests claiming GOOGLE independently"},{"ancestorTitles":["Address System Token Authority"],"duration":31,"failing":false,"failureDetails":[],"failureMessages":[],"fullName":"Address System Token Authority should downgrade manual requests claiming VALIDATED independently","invocations":1,"location":null,"numPassingAsserts":3,"retryReasons":[],"startAt":1786369185551,"status":"passed","title":"should downgrade manual requests claiming VALIDATED independently"},{"ancestorTitles":["Address System Token Authority"],"duration":30,"failing":false,"failureDetails":[],"failureMessages":[],"fullName":"Address System Token Authority should downgrade if token is corrupt (malformed JWT-like string)","invocations":1,"location":null,"numPassingAsserts":3,"retryReasons":[],"startAt":1786369185582,"status":"passed","title":"should downgrade if token is corrupt (malformed JWT-like string)"}],"endTime":1786369185618,"message":"","name":"C:\\Users\\user\\Documents\\JD SOFTWARE PROJECTS\\RENTipid\\tests\\address-system\\profile-address-token-authority.test.ts","startTime":1786369183830,"status":"passed","summary":""},{"assertionResults":[{"ancestorTitles":["Address API Routes","Autocomplete API"],"duration":7,"failing":false,"failureDetails":[],"failureMessages":[],"fullName":"Address API Routes Autocomplete API should block unauthorized requests","invocations":1,"location":null,"numPassingAsserts":1,"retryReasons":[],"startAt":1786369187143,"status":"passed","title":"should block unauthorized requests"},{"ancestorTitles":["Address API Routes","Autocomplete API"],"duration":3,"failing":false,"failureDetails":[],"failureMessages":[],"fullName":"Address API Routes Autocomplete API should return 429 when rate limited","invocations":1,"location":null,"numPassingAsserts":1,"retryReasons":[],"startAt":1786369187152,"status":"passed","title":"should return 429 when rate limited"},{"ancestorTitles":["Address API Routes","Autocomplete API"],"duration":9,"failing":false,"failureDetails":[],"failureMessages":[],"fullName":"Address API Routes Autocomplete API should return suggestions on success","invocations":1,"location":null,"numPassingAsserts":3,"retryReasons":[],"startAt":1786369187155,"status":"passed","title":"should return suggestions on success"},{"ancestorTitles":["Address API Routes","Details API"],"duration":4,"failing":false,"failureDetails":[],"failureMessages":[],"fullName":"Address API Routes Details API should block unauthorized requests","invocations":1,"location":null,"numPassingAsserts":1,"retryReasons":[],"startAt":1786369187165,"status":"passed","title":"should block unauthorized requests"},{"ancestorTitles":["Address API Routes","Details API"],"duration":2,"failing":false,"failureDetails":[],"failureMessages":[],"fullName":"Address API Routes Details API should return 429 when rate limited","invocations":1,"location":null,"numPassingAsserts":1,"retryReasons":[],"startAt":1786369187170,"status":"passed","title":"should return 429 when rate limited"},{"ancestorTitles":["Address API Routes","Details API"],"duration":4,"failing":false,"failureDetails":[],"failureMessages":[],"fullName":"Address API Routes Details API should return semantic failures (e.g. RATE_LIMITED) from provider as HTTP 429 payload","invocations":1,"location":null,"numPassingAsserts":2,"retryReasons":[],"startAt":1786369187173,"status":"passed","title":"should return semantic failures (e.g. RATE_LIMITED) from provider as HTTP 429 payload"}],"endTime":1786369187181,"message":"","name":"C:\\Users\\user\\Documents\\JD SOFTWARE PROJECTS\\RENTipid\\tests\\address-system\\address-api.test.ts","startTime":1786369185661,"status":"passed","summary":""},{"assertionResults":[{"ancestorTitles":["Address Transaction & Dual-Write Behavior"],"duration":138,"failing":false,"failureDetails":[],"failureMessages":[],"fullName":"Address Transaction & Dual-Write Behavior should dual-write legacy fields (city, province, country) along with the canonical address","invocations":1,"location":null,"numPassingAsserts":5,"retryReasons":[],"startAt":1786369188313,"status":"passed","title":"should dual-write legacy fields (city, province, country) along with the canonical address"},{"ancestorTitles":["Address Transaction & Dual-Write Behavior"],"duration":367,"failing":false,"failureDetails":[],"failureMessages":[],"fullName":"Address Transaction & Dual-Write Behavior should roll back both address creation and userProfile update if an error occurs in the transaction","invocations":1,"location":null,"numPassingAsserts":4,"retryReasons":[],"startAt":1786369188453,"status":"passed","title":"should roll back both address creation and userProfile update if an error occurs in the transaction"},{"ancestorTitles":["Address Transaction & Dual-Write Behavior"],"duration":33,"failing":false,"failureDetails":[],"failureMessages":[],"fullName":"Address Transaction & Dual-Write Behavior should clear canonical and legacy fields synchronously when global_address is null","invocations":1,"location":null,"numPassingAsserts":7,"retryReasons":[],"startAt":1786369188821,"status":"passed","title":"should clear canonical and legacy fields synchronously when global_address is null"}],"endTime":1786369188861,"message":"","name":"C:\\Users\\user\\Documents\\JD SOFTWARE PROJECTS\\RENTipid\\tests\\address-system\\profile-address-transactions.test.ts","startTime":1786369187243,"status":"passed","summary":""},{"assertionResults":[{"ancestorTitles":["Profile Address IDOR & State Tests"],"duration":261,"failing":false,"failureDetails":[],"failureMessages":[],"fullName":"Profile Address IDOR & State Tests PERSONAL: should allow User A to create and update their own personal address","invocations":1,"location":null,"numPassingAsserts":8,"retryReasons":[],"startAt":1786369189908,"status":"passed","title":"PERSONAL: should allow User A to create and update their own personal address"},{"ancestorTitles":["Profile Address IDOR & State Tests"],"duration":19,"failing":false,"failureDetails":[],"failureMessages":[],"fullName":"Profile Address IDOR & State Tests PERSONAL: should prevent User B from replacing User A personal address","invocations":1,"location":null,"numPassingAsserts":2,"retryReasons":[],"startAt":1786369190171,"status":"passed","title":"PERSONAL: should prevent User B from replacing User A personal address"},{"ancestorTitles":["Profile Address IDOR & State Tests"],"duration":14,"failing":false,"failureDetails":[],"failureMessages":[],"fullName":"Profile Address IDOR & State Tests PERSONAL: should prevent User B from clearing User A personal address","invocations":1,"location":null,"numPassingAsserts":2,"retryReasons":[],"startAt":1786369190190,"status":"passed","title":"PERSONAL: should prevent User B from clearing User A personal address"},{"ancestorTitles":["Profile Address IDOR & State Tests"],"duration":80,"failing":false,"failureDetails":[],"failureMessages":[],"fullName":"Profile Address IDOR & State Tests BUSINESS: should allow User A to create and update their own business address","invocations":1,"location":null,"numPassingAsserts":8,"retryReasons":[],"startAt":1786369190205,"status":"passed","title":"BUSINESS: should allow User A to create and update their own business address"},{"ancestorTitles":["Profile Address IDOR & State Tests"],"duration":24,"failing":false,"failureDetails":[],"failureMessages":[],"fullName":"Profile Address IDOR & State Tests BUSINESS: should prevent User B from replacing User A business address","invocations":1,"location":null,"numPassingAsserts":3,"retryReasons":[],"startAt":1786369190286,"status":"passed","title":"BUSINESS: should prevent User B from replacing User A business address"},{"ancestorTitles":["Profile Address IDOR & State Tests"],"duration":20,"failing":false,"failureDetails":[],"failureMessages":[],"fullName":"Profile Address IDOR & State Tests BUSINESS: should prevent User B from clearing User A business address","invocations":1,"location":null,"numPassingAsserts":3,"retryReasons":[],"startAt":1786369190311,"status":"passed","title":"BUSINESS: should prevent User B from clearing User A business address"}],"endTime":1786369190338,"message":"","name":"C:\\Users\\user\\Documents\\JD SOFTWARE PROJECTS\\RENTipid\\tests\\address-system\\profile-address-idor.test.ts","startTime":1786369188928,"status":"passed","summary":""},{"assertionResults":[{"ancestorTitles":["AddressRateLimiter"],"duration":191,"failing":false,"failureDetails":[],"failureMessages":[],"fullName":"AddressRateLimiter should allow requests under the limit","invocations":1,"location":null,"numPassingAsserts":2,"retryReasons":[],"startAt":1786369190862,"status":"passed","title":"should allow requests under the limit"},{"ancestorTitles":["AddressRateLimiter"],"duration":157,"failing":false,"failureDetails":[],"failureMessages":[],"fullName":"AddressRateLimiter should block requests over the limit for autocomplete","invocations":1,"location":null,"numPassingAsserts":2,"retryReasons":[],"startAt":1786369191055,"status":"passed","title":"should block requests over the limit for autocomplete"},{"ancestorTitles":["AddressRateLimiter"],"duration":53,"failing":false,"failureDetails":[],"failureMessages":[],"fullName":"AddressRateLimiter should block requests over the limit for details","invocations":1,"location":null,"numPassingAsserts":2,"retryReasons":[],"startAt":1786369191212,"status":"passed","title":"should block requests over the limit for details"},{"ancestorTitles":["AddressRateLimiter"],"duration":65,"failing":false,"failureDetails":[],"failureMessages":[],"fullName":"AddressRateLimiter should isolate limits by ip and endpoint","invocations":1,"location":null,"numPassingAsserts":3,"retryReasons":[],"startAt":1786369191266,"status":"passed","title":"should isolate limits by ip and endpoint"},{"ancestorTitles":["AddressRateLimiter"],"duration":230,"failing":false,"failureDetails":[],"failureMessages":[],"fullName":"AddressRateLimiter should enforce concurrency limits strictly atomically (80 attempts against limit 60)","invocations":1,"location":null,"numPassingAsserts":2,"retryReasons":[],"startAt":1786369191333,"status":"passed","title":"should enforce concurrency limits strictly atomically (80 attempts against limit 60)"},{"ancestorTitles":["AddressRateLimiter"],"duration":136,"failing":false,"failureDetails":[],"failureMessages":[],"fullName":"AddressRateLimiter should strictly deny concurrent bursts at limit boundary","invocations":1,"location":null,"numPassingAsserts":2,"retryReasons":[],"startAt":1786369191564,"status":"passed","title":"should strictly deny concurrent bursts at limit boundary"}],"endTime":1786369191705,"message":"","name":"C:\\Users\\user\\Documents\\JD SOFTWARE PROJECTS\\RENTipid\\tests\\address-system\\address-rate-limit.test.ts","startTime":1786369190381,"status":"passed","summary":""},{"assertionResults":[{"ancestorTitles":["AddressAutocomplete Accessibility (A11y)"],"duration":144,"failing":false,"failureDetails":[],"failureMessages":[],"fullName":"AddressAutocomplete Accessibility (A11y) should announce loading state and search results to screen readers via aria-live","invocations":1,"location":null,"numPassingAsserts":2,"retryReasons":[],"startAt":1786369192622,"status":"passed","title":"should announce loading state and search results to screen readers via aria-live"},{"ancestorTitles":["AddressAutocomplete Accessibility (A11y)"],"duration":29,"failing":false,"failureDetails":[],"failureMessages":[],"fullName":"AddressAutocomplete Accessibility (A11y) should announce NO_RESULTS to screen readers","invocations":1,"location":null,"numPassingAsserts":1,"retryReasons":[],"startAt":1786369192768,"status":"passed","title":"should announce NO_RESULTS to screen readers"},{"ancestorTitles":["AddressAutocomplete Accessibility (A11y)"],"duration":78,"failing":false,"failureDetails":[],"failureMessages":[],"fullName":"AddressAutocomplete Accessibility (A11y) should allow keyboard navigation through suggestions","invocations":1,"location":null,"numPassingAsserts":5,"retryReasons":[],"startAt":1786369192798,"status":"passed","title":"should allow keyboard navigation through suggestions"},{"ancestorTitles":["AddressAutocomplete Accessibility (A11y)"],"duration":50,"failing":false,"failureDetails":[],"failureMessages":[],"fullName":"AddressAutocomplete Accessibility (A11y) should close suggestions on Escape and Tab keys","invocations":1,"location":null,"numPassingAsserts":4,"retryReasons":[],"startAt":1786369192877,"status":"passed","title":"should close suggestions on Escape and Tab keys"},{"ancestorTitles":["AddressAutocomplete Accessibility (A11y)"],"duration":24,"failing":false,"failureDetails":[],"failureMessages":[],"fullName":"AddressAutocomplete Accessibility (A11y) should announce PROVIDER_UNAVAILABLE to screen readers","invocations":1,"location":null,"numPassingAsserts":1,"retryReasons":[],"startAt":1786369192927,"status":"passed","title":"should announce PROVIDER_UNAVAILABLE to screen readers"}],"endTime":1786369192955,"message":"","name":"C:\\Users\\user\\Documents\\JD SOFTWARE PROJECTS\\RENTipid\\tests\\address-system\\address-accessibility.test.tsx","startTime":1786369191783,"status":"passed","summary":""},{"assertionResults":[{"ancestorTitles":["Address System PII Logging Scrubbing"],"duration":23,"failing":false,"failureDetails":[],"failureMessages":[],"fullName":"Address System PII Logging Scrubbing should not log raw errors that might contain PII in Profile GET","invocations":1,"location":null,"numPassingAsserts":7,"retryReasons":[],"startAt":1786369193780,"status":"passed","title":"should not log raw errors that might contain PII in Profile GET"},{"ancestorTitles":["Address System PII Logging Scrubbing"],"duration":7,"failing":false,"failureDetails":[],"failureMessages":[],"fullName":"Address System PII Logging Scrubbing should scrub PII from error logs during profile PATCH (Business Address / Transaction)","invocations":1,"location":null,"numPassingAsserts":5,"retryReasons":[],"startAt":1786369193805,"status":"passed","title":"should scrub PII from error logs during profile PATCH (Business Address / Transaction)"},{"ancestorTitles":["Address System PII Logging Scrubbing"],"duration":79,"failing":false,"failureDetails":[],"failureMessages":[],"fullName":"Address System PII Logging Scrubbing should scrub PII from error logs during autocomplete rate limit or failure","invocations":1,"location":null,"numPassingAsserts":3,"retryReasons":[],"startAt":1786369193813,"status":"passed","title":"should scrub PII from error logs during autocomplete rate limit or failure"},{"ancestorTitles":["Address System PII Logging Scrubbing"],"duration":8,"failing":false,"failureDetails":[],"failureMessages":[],"fullName":"Address System PII Logging Scrubbing should scrub PII from error logs during details route failure","invocations":1,"location":null,"numPassingAsserts":4,"retryReasons":[],"startAt":1786369193892,"status":"passed","title":"should scrub PII from error logs during details route failure"}],"endTime":1786369193903,"message":"","name":"C:\\Users\\user\\Documents\\JD SOFTWARE PROJECTS\\RENTipid\\tests\\address-system\\address-pii-logging.test.ts","startTime":1786369193007,"status":"passed","summary":""},{"assertionResults":[{"ancestorTitles":["Profile and Address Strict Validation"],"duration":19,"failing":false,"failureDetails":[],"failureMessages":[],"fullName":"Profile and Address Strict Validation should reject requests with unknown top-level fields","invocations":1,"location":null,"numPassingAsserts":2,"retryReasons":[],"startAt":1786369194700,"status":"passed","title":"should reject requests with unknown top-level fields"},{"ancestorTitles":["Profile and Address Strict Validation"],"duration":10,"failing":false,"failureDetails":[],"failureMessages":[],"fullName":"Profile and Address Strict Validation should reject requests with oversized address fields","invocations":1,"location":null,"numPassingAsserts":1,"retryReasons":[],"startAt":1786369194720,"status":"passed","title":"should reject requests with oversized address fields"},{"ancestorTitles":["Profile and Address Strict Validation"],"duration":5,"failing":false,"failureDetails":[],"failureMessages":[],"fullName":"Profile and Address Strict Validation should reject requests with invalid coordinates","invocations":1,"location":null,"numPassingAsserts":1,"retryReasons":[],"startAt":1786369194731,"status":"passed","title":"should reject requests with invalid coordinates"}],"endTime":1786369194740,"message":"","name":"C:\\Users\\user\\Documents\\JD SOFTWARE PROJECTS\\RENTipid\\tests\\address-system\\profile-strict-validation.test.ts","startTime":1786369193949,"status":"passed","summary":""},{"assertionResults":[{"ancestorTitles":["AddressAutocomplete Session Controls & Latest-Request-Wins"],"duration":110,"failing":false,"failureDetails":[],"failureMessages":[],"fullName":"AddressAutocomplete Session Controls & Latest-Request-Wins should ignore responses from older requests if a newer request was made (reversed response)","invocations":1,"location":null,"numPassingAsserts":4,"retryReasons":[],"startAt":1786369195338,"status":"passed","title":"should ignore responses from older requests if a newer request was made (reversed response)"},{"ancestorTitles":["AddressAutocomplete Session Controls & Latest-Request-Wins"],"duration":64,"failing":false,"failureDetails":[],"failureMessages":[],"fullName":"AddressAutocomplete Session Controls & Latest-Request-Wins should keep sessionToken stable during autocomplete and reset on select","invocations":1,"location":null,"numPassingAsserts":6,"retryReasons":[],"startAt":1786369195450,"status":"passed","title":"should keep sessionToken stable during autocomplete and reset on select"}],"endTime":1786369195518,"message":"","name":"C:\\Users\\user\\Documents\\JD SOFTWARE PROJECTS\\RENTipid\\tests\\address-system\\address-session-controls.test.tsx","startTime":1786369194817,"status":"passed","summary":""},{"assertionResults":[{"ancestorTitles":["Address System Strict Validation"],"duration":9,"failing":false,"failureDetails":[],"failureMessages":[],"fullName":"Address System Strict Validation should verify the baseline validData successfully","invocations":1,"location":null,"numPassingAsserts":1,"retryReasons":[],"startAt":1786369195983,"status":"passed","title":"should verify the baseline validData successfully"},{"ancestorTitles":["Address System Strict Validation"],"duration":3,"failing":false,"failureDetails":[],"failureMessages":[],"fullName":"Address System Strict Validation should reject unknown fields in addressSchema (strict)","invocations":1,"location":null,"numPassingAsserts":1,"retryReasons":[],"startAt":1786369195994,"status":"passed","title":"should reject unknown fields in addressSchema (strict)"},{"ancestorTitles":["Address System Strict Validation"],"duration":6,"failing":false,"failureDetails":[],"failureMessages":[],"fullName":"Address System Strict Validation should reject out-of-bounds coordinates","invocations":1,"location":null,"numPassingAsserts":7,"retryReasons":[],"startAt":1786369195997,"status":"passed","title":"should reject out-of-bounds coordinates"},{"ancestorTitles":["Address System Strict Validation"],"duration":3,"failing":false,"failureDetails":[],"failureMessages":[],"fullName":"Address System Strict Validation should reject invalid country codes","invocations":1,"location":null,"numPassingAsserts":2,"retryReasons":[],"startAt":1786369196004,"status":"passed","title":"should reject invalid country codes"},{"ancestorTitles":["Address System Strict Validation"],"duration":4,"failing":false,"failureDetails":[],"failureMessages":[],"fullName":"Address System Strict Validation should reject unknown provider and validationStatus","invocations":1,"location":null,"numPassingAsserts":2,"retryReasons":[],"startAt":1786369196007,"status":"passed","title":"should reject unknown provider and validationStatus"},{"ancestorTitles":["Address System Strict Validation"],"duration":6,"failing":false,"failureDetails":[],"failureMessages":[],"fullName":"Address System Strict Validation should reject oversized strings in autocompleteRequestSchema","invocations":1,"location":null,"numPassingAsserts":4,"retryReasons":[],"startAt":1786369196011,"status":"passed","title":"should reject oversized strings in autocompleteRequestSchema"},{"ancestorTitles":["Address System Strict Validation"],"duration":3,"failing":false,"failureDetails":[],"failureMessages":[],"fullName":"Address System Strict Validation should reject strict violations and oversized strings in detailsRequestSchema","invocations":1,"location":null,"numPassingAsserts":3,"retryReasons":[],"startAt":1786369196018,"status":"passed","title":"should reject strict violations and oversized strings in detailsRequestSchema"},{"ancestorTitles":["Address System Strict Validation"],"duration":3,"failing":false,"failureDetails":[],"failureMessages":[],"fullName":"Address System Strict Validation should fail token generation/verification on strict token payload schema","invocations":1,"location":null,"numPassingAsserts":1,"retryReasons":[],"startAt":1786369196021,"status":"passed","title":"should fail token generation/verification on strict token payload schema"}],"endTime":1786369196029,"message":"","name":"C:\\Users\\user\\Documents\\JD SOFTWARE PROJECTS\\RENTipid\\tests\\address-system\\address-strict-validation.test.ts","startTime":1786369195564,"status":"passed","summary":""},{"assertionResults":[{"ancestorTitles":["AddressTokenService"],"duration":14,"failing":false,"failureDetails":[],"failureMessages":[],"fullName":"AddressTokenService should generate a valid token and decrypt it successfully","invocations":1,"location":null,"numPassingAsserts":5,"retryReasons":[],"startAt":1786369196490,"status":"passed","title":"should generate a valid token and decrypt it successfully"},{"ancestorTitles":["AddressTokenService"],"duration":4,"failing":false,"failureDetails":[],"failureMessages":[],"fullName":"AddressTokenService should return null for expired tokens","invocations":1,"location":null,"numPassingAsserts":1,"retryReasons":[],"startAt":1786369196505,"status":"passed","title":"should return null for expired tokens"},{"ancestorTitles":["AddressTokenService"],"duration":2,"failing":false,"failureDetails":[],"failureMessages":[],"fullName":"AddressTokenService should return null for tampered tokens","invocations":1,"location":null,"numPassingAsserts":1,"retryReasons":[],"startAt":1786369196510,"status":"passed","title":"should return null for tampered tokens"}],"endTime":1786369196516,"message":"","name":"C:\\Users\\user\\Documents\\JD SOFTWARE PROJECTS\\RENTipid\\tests\\address-system\\address-token.test.ts","startTime":1786369196071,"status":"passed","summary":""},{"assertionResults":[{"ancestorTitles":["Address Provider Semantics (Places API New)"],"duration":10,"failing":false,"failureDetails":[],"failureMessages":[],"fullName":"Address Provider Semantics (Places API New) autocomplete should map HTTP 400 to INVALID_PROVIDER_REQUEST","invocations":1,"location":null,"numPassingAsserts":1,"retryReasons":[],"startAt":1786369196795,"status":"passed","title":"autocomplete should map HTTP 400 to INVALID_PROVIDER_REQUEST"},{"ancestorTitles":["Address Provider Semantics (Places API New)"],"duration":4,"failing":false,"failureDetails":[],"failureMessages":[],"fullName":"Address Provider Semantics (Places API New) autocomplete should map HTTP 403 to PROVIDER_CONFIGURATION_MISSING","invocations":1,"location":null,"numPassingAsserts":1,"retryReasons":[],"startAt":1786369196807,"status":"passed","title":"autocomplete should map HTTP 403 to PROVIDER_CONFIGURATION_MISSING"},{"ancestorTitles":["Address Provider Semantics (Places API New)"],"duration":3,"failing":false,"failureDetails":[],"failureMessages":[],"fullName":"Address Provider Semantics (Places API New) autocomplete should map HTTP 429 to RATE_LIMITED","invocations":1,"location":null,"numPassingAsserts":1,"retryReasons":[],"startAt":1786369196812,"status":"passed","title":"autocomplete should map HTTP 429 to RATE_LIMITED"},{"ancestorTitles":["Address Provider Semantics (Places API New)"],"duration":3,"failing":false,"failureDetails":[],"failureMessages":[],"fullName":"Address Provider Semantics (Places API New) autocomplete should map HTTP 500 to PROVIDER_UNAVAILABLE","invocations":1,"location":null,"numPassingAsserts":1,"retryReasons":[],"startAt":1786369196816,"status":"passed","title":"autocomplete should map HTTP 500 to PROVIDER_UNAVAILABLE"},{"ancestorTitles":["Address Provider Semantics (Places API New)"],"duration":21,"failing":false,"failureDetails":[],"failureMessages":[],"fullName":"Address Provider Semantics (Places API New) getDetails should throw INVALID_PROVIDER_REQUEST on HTTP 400","invocations":1,"location":null,"numPassingAsserts":1,"retryReasons":[],"startAt":1786369196820,"status":"passed","title":"getDetails should throw INVALID_PROVIDER_REQUEST on HTTP 400"},{"ancestorTitles":["Address Provider Semantics (Places API New)"],"duration":5,"failing":false,"failureDetails":[],"failureMessages":[],"fullName":"Address Provider Semantics (Places API New) getDetails should throw RATE_LIMITED on HTTP 429","invocations":1,"location":null,"numPassingAsserts":1,"retryReasons":[],"startAt":1786369196841,"status":"passed","title":"getDetails should throw RATE_LIMITED on HTTP 429"},{"ancestorTitles":["Address Provider Semantics (Places API New)"],"duration":4,"failing":false,"failureDetails":[],"failureMessages":[],"fullName":"Address Provider Semantics (Places API New) getDetails should throw NO_RESULTS if place object has no id","invocations":1,"location":null,"numPassingAsserts":1,"retryReasons":[],"startAt":1786369196847,"status":"passed","title":"getDetails should throw NO_RESULTS if place object has no id"}],"endTime":1786369196855,"message":"","name":"C:\\Users\\user\\Documents\\JD SOFTWARE PROJECTS\\RENTipid\\tests\\address-system\\address-provider-semantics.test.ts","startTime":1786369196565,"status":"passed","summary":""},{"assertionResults":[{"ancestorTitles":["Address System International Fixtures"],"duration":14,"failing":false,"failureDetails":[],"failureMessages":[],"fullName":"Address System International Fixtures should format requests correctly for PH (Philippines)","invocations":1,"location":null,"numPassingAsserts":3,"retryReasons":[],"startAt":1786369197167,"status":"passed","title":"should format requests correctly for PH (Philippines)"},{"ancestorTitles":["Address System International Fixtures"],"duration":3,"failing":false,"failureDetails":[],"failureMessages":[],"fullName":"Address System International Fixtures should format requests correctly for US (United States)","invocations":1,"location":null,"numPassingAsserts":3,"retryReasons":[],"startAt":1786369197184,"status":"passed","title":"should format requests correctly for US (United States)"},{"ancestorTitles":["Address System International Fixtures"],"duration":2,"failing":false,"failureDetails":[],"failureMessages":[],"fullName":"Address System International Fixtures should format requests correctly for CA (Canada)","invocations":1,"location":null,"numPassingAsserts":3,"retryReasons":[],"startAt":1786369197188,"status":"passed","title":"should format requests correctly for CA (Canada)"},{"ancestorTitles":["Address System International Fixtures"],"duration":3,"failing":false,"failureDetails":[],"failureMessages":[],"fullName":"Address System International Fixtures should format requests correctly for GB (United Kingdom)","invocations":1,"location":null,"numPassingAsserts":3,"retryReasons":[],"startAt":1786369197191,"status":"passed","title":"should format requests correctly for GB (United Kingdom)"},{"ancestorTitles":["Address System International Fixtures"],"duration":3,"failing":false,"failureDetails":[],"failureMessages":[],"fullName":"Address System International Fixtures should format requests correctly for AU (Australia)","invocations":1,"location":null,"numPassingAsserts":3,"retryReasons":[],"startAt":1786369197195,"status":"passed","title":"should format requests correctly for AU (Australia)"},{"ancestorTitles":["Address System International Fixtures"],"duration":3,"failing":false,"failureDetails":[],"failureMessages":[],"fullName":"Address System International Fixtures should format requests correctly for SG (Singapore)","invocations":1,"location":null,"numPassingAsserts":3,"retryReasons":[],"startAt":1786369197198,"status":"passed","title":"should format requests correctly for SG (Singapore)"},{"ancestorTitles":["Address System International Fixtures"],"duration":3,"failing":false,"failureDetails":[],"failureMessages":[],"fullName":"Address System International Fixtures should format requests correctly for JP (Japan)","invocations":1,"location":null,"numPassingAsserts":3,"retryReasons":[],"startAt":1786369197202,"status":"passed","title":"should format requests correctly for JP (Japan)"},{"ancestorTitles":["Address System International Fixtures"],"duration":4,"failing":false,"failureDetails":[],"failureMessages":[],"fullName":"Address System International Fixtures should map getDetails schema for PH","invocations":1,"location":null,"numPassingAsserts":4,"retryReasons":[],"startAt":1786369197205,"status":"passed","title":"should map getDetails schema for PH"},{"ancestorTitles":["Address System International Fixtures"],"duration":3,"failing":false,"failureDetails":[],"failureMessages":[],"fullName":"Address System International Fixtures should map getDetails schema for US","invocations":1,"location":null,"numPassingAsserts":4,"retryReasons":[],"startAt":1786369197210,"status":"passed","title":"should map getDetails schema for US"},{"ancestorTitles":["Address System International Fixtures"],"duration":4,"failing":false,"failureDetails":[],"failureMessages":[],"fullName":"Address System International Fixtures should map getDetails schema for CA","invocations":1,"location":null,"numPassingAsserts":4,"retryReasons":[],"startAt":1786369197214,"status":"passed","title":"should map getDetails schema for CA"},{"ancestorTitles":["Address System International Fixtures"],"duration":3,"failing":false,"failureDetails":[],"failureMessages":[],"fullName":"Address System International Fixtures should map getDetails schema for GB","invocations":1,"location":null,"numPassingAsserts":3,"retryReasons":[],"startAt":1786369197218,"status":"passed","title":"should map getDetails schema for GB"},{"ancestorTitles":["Address System International Fixtures"],"duration":3,"failing":false,"failureDetails":[],"failureMessages":[],"fullName":"Address System International Fixtures should map getDetails schema for AU","invocations":1,"location":null,"numPassingAsserts":4,"retryReasons":[],"startAt":1786369197222,"status":"passed","title":"should map getDetails schema for AU"},{"ancestorTitles":["Address System International Fixtures"],"duration":3,"failing":false,"failureDetails":[],"failureMessages":[],"fullName":"Address System International Fixtures should map getDetails schema for SG","invocations":1,"location":null,"numPassingAsserts":3,"retryReasons":[],"startAt":1786369197225,"status":"passed","title":"should map getDetails schema for SG"},{"ancestorTitles":["Address System International Fixtures"],"duration":3,"failing":false,"failureDetails":[],"failureMessages":[],"fullName":"Address System International Fixtures should map getDetails schema for JP","invocations":1,"location":null,"numPassingAsserts":4,"retryReasons":[],"startAt":1786369197228,"status":"passed","title":"should map getDetails schema for JP"}],"endTime":1786369197235,"message":"","name":"C:\\Users\\user\\Documents\\JD SOFTWARE PROJECTS\\RENTipid\\tests\\address-system\\address-international.test.ts","startTime":1786369196928,"status":"passed","summary":""},{"assertionResults":[{"ancestorTitles":["Address Crypto Round-trip & Tamper Tests"],"duration":13,"failing":false,"failureDetails":[],"failureMessages":[],"fullName":"Address Crypto Round-trip & Tamper Tests should encrypt and decrypt a full normalized address correctly","invocations":1,"location":null,"numPassingAsserts":13,"retryReasons":[],"startAt":1786369197526,"status":"passed","title":"should encrypt and decrypt a full normalized address correctly"},{"ancestorTitles":["Address Crypto Round-trip & Tamper Tests"],"duration":4,"failing":false,"failureDetails":[],"failureMessages":[],"fullName":"Address Crypto Round-trip & Tamper Tests should survive coordinate 0,0 accurately","invocations":1,"location":null,"numPassingAsserts":3,"retryReasons":[],"startAt":1786369197541,"status":"passed","title":"should survive coordinate 0,0 accurately"},{"ancestorTitles":["Address Crypto Round-trip & Tamper Tests"],"duration":2,"failing":false,"failureDetails":[],"failureMessages":[],"fullName":"Address Crypto Round-trip & Tamper Tests should reject tampered encrypted fields (return null)","invocations":1,"location":null,"numPassingAsserts":2,"retryReasons":[],"startAt":1786369197546,"status":"passed","title":"should reject tampered encrypted fields (return null)"}],"endTime":1786369197553,"message":"","name":"C:\\Users\\user\\Documents\\JD SOFTWARE PROJECTS\\RENTipid\\tests\\address-system\\profile-address-crypto.test.ts","startTime":1786369197276,"status":"passed","summary":""},{"assertionResults":[{"ancestorTitles":["Address Normalizer"],"duration":7,"failing":false,"failureDetails":[],"failureMessages":[],"fullName":"Address Normalizer should accept valid coordinate boundaries","invocations":1,"location":null,"numPassingAsserts":6,"retryReasons":[],"startAt":1786369197824,"status":"passed","title":"should accept valid coordinate boundaries"},{"ancestorTitles":["Address Normalizer"],"duration":39,"failing":false,"failureDetails":[],"failureMessages":[],"fullName":"Address Normalizer should reject invalid coordinate boundaries and non-finite values","invocations":1,"location":null,"numPassingAsserts":10,"retryReasons":[],"startAt":1786369197833,"status":"passed","title":"should reject invalid coordinate boundaries and non-finite values"}],"endTime":1786369197875,"message":"","name":"C:\\Users\\user\\Documents\\JD SOFTWARE PROJECTS\\RENTipid\\tests\\address-system\\address-normalizer.test.ts","startTime":1786369197593,"status":"passed","summary":""}],"wasInterrupted":false}
