{"numFailedTestSuites":18,"numFailedTests":0,"numPassedTestSuites":0,"numPassedTests":0,"numPendingTestSuites":0,"numPendingTests":0,"numRuntimeErrorTestSuites":18,"numTodoTests":0,"numTotalTestSuites":18,"numTotalTests":0,"openHandles":[],"snapshot":{"added":0,"didUpdate":false,"failure":false,"filesAdded":0,"filesRemoved":0,"filesRemovedList":[],"filesUnmatched":0,"filesUpdated":0,"matched":0,"total":0,"unchecked":0,"uncheckedKeysByFile":[],"unmatched":0,"updated":0},"startTime":1786332395851,"success":false,"testResults":[{"assertionResults":[],"coverage":{},"endTime":1786332399402,"message":"  ● Test suite failed to run\n\n    DATABASE_SAFETY_GUARD_REJECTED_TARGET: DIRECT_URL database differs from DATABASE_URL\n\n    \u001b[0m \u001b[90m 57 |\u001b[39m     \u001b[36mif\u001b[39m (directUrl\u001b[33m.\u001b[39mhostname \u001b[33m!==\u001b[39m host) {\n     \u001b[90m 58 |\u001b[39m       \u001b[36mthrow\u001b[39m \u001b[36mnew\u001b[39m \u001b[33mError\u001b[39m(\u001b[32m'DATABASE_SAFETY_GUARD_REJECTED_TARGET: DIRECT_URL host differs from DATABASE_URL'\u001b[39m)\u001b[33m;\u001b[39m\n    \u001b[31m\u001b[1m>\u001b[22m\u001b[39m\u001b[90m 59 |\u001b[39m     }\n     \u001b[90m    |\u001b[39m      \u001b[31m\u001b[1m^\u001b[22m\u001b[39m\n     \u001b[90m 60 |\u001b[39m     \n     \u001b[90m 61 |\u001b[39m     \u001b[36mif\u001b[39m (directUrl\u001b[33m.\u001b[39mpathname\u001b[33m.\u001b[39mreplace(\u001b[35m/^\\//\u001b[39m\u001b[33m,\u001b[39m \u001b[32m''\u001b[39m) \u001b[33m!==\u001b[39m dbName) {\n     \u001b[90m 62 |\u001b[39m       \u001b[36mthrow\u001b[39m \u001b[36mnew\u001b[39m \u001b[33mError\u001b[39m(\u001b[32m'DATABASE_SAFETY_GUARD_REJECTED_TARGET: DIRECT_URL database differs from DATABASE_URL'\u001b[39m)\u001b[33m;\u001b[39m\u001b[0m\n\n      at assertSafeLocalTestDatabaseTarget (src/lib/test-database-guard.ts:59:19)\n      at Object.<anonymous> (tests/setup.ts:6:58)\n","name":"C:\\Users\\user\\Documents\\JD SOFTWARE PROJECTS\\RENTipid\\tests\\address-system\\profile-strict-validation.test.ts","startTime":1786332399402,"status":"failed","summary":""},{"assertionResults":[],"coverage":{},"endTime":1786332399402,"message":"  ● Test suite failed to run\n\n    DATABASE_SAFETY_GUARD_REJECTED_TARGET: DIRECT_URL database differs from DATABASE_URL\n\n    \u001b[0m \u001b[90m 57 |\u001b[39m     \u001b[36mif\u001b[39m (directUrl\u001b[33m.\u001b[39mhostname \u001b[33m!==\u001b[39m host) {\n     \u001b[90m 58 |\u001b[39m       \u001b[36mthrow\u001b[39m \u001b[36mnew\u001b[39m \u001b[33mError\u001b[39m(\u001b[32m'DATABASE_SAFETY_GUARD_REJECTED_TARGET: DIRECT_URL host differs from DATABASE_URL'\u001b[39m)\u001b[33m;\u001b[39m\n    \u001b[31m\u001b[1m>\u001b[22m\u001b[39m\u001b[90m 59 |\u001b[39m     }\n     \u001b[90m    |\u001b[39m      \u001b[31m\u001b[1m^\u001b[22m\u001b[39m\n     \u001b[90m 60 |\u001b[39m     \n     \u001b[90m 61 |\u001b[39m     \u001b[36mif\u001b[39m (directUrl\u001b[33m.\u001b[39mpathname\u001b[33m.\u001b[39mreplace(\u001b[35m/^\\//\u001b[39m\u001b[33m,\u001b[39m \u001b[32m''\u001b[39m) \u001b[33m!==\u001b[39m dbName) {\n     \u001b[90m 62 |\u001b[39m       \u001b[36mthrow\u001b[39m \u001b[36mnew\u001b[39m \u001b[33mError\u001b[39m(\u001b[32m'DATABASE_SAFETY_GUARD_REJECTED_TARGET: DIRECT_URL database differs from DATABASE_URL'\u001b[39m)\u001b[33m;\u001b[39m\u001b[0m\n\n      at assertSafeLocalTestDatabaseTarget (src/lib/test-database-guard.ts:59:19)\n      at Object.<anonymous> (tests/setup.ts:6:58)\n","name":"C:\\Users\\user\\Documents\\JD SOFTWARE PROJECTS\\RENTipid\\tests\\address-system\\profile-address-token-authority.test.ts","startTime":1786332399402,"status":"failed","summary":""},{"assertionResults":[],"coverage":{},"endTime":1786332399402,"message":"  ● Test suite failed to run\n\n    DATABASE_SAFETY_GUARD_REJECTED_TARGET: DIRECT_URL database differs from DATABASE_URL\n\n    \u001b[0m \u001b[90m 57 |\u001b[39m     \u001b[36mif\u001b[39m (directUrl\u001b[33m.\u001b[39mhostname \u001b[33m!==\u001b[39m host) {\n     \u001b[90m 58 |\u001b[39m       \u001b[36mthrow\u001b[39m \u001b[36mnew\u001b[39m \u001b[33mError\u001b[39m(\u001b[32m'DATABASE_SAFETY_GUARD_REJECTED_TARGET: DIRECT_URL host differs from DATABASE_URL'\u001b[39m)\u001b[33m;\u001b[39m\n    \u001b[31m\u001b[1m>\u001b[22m\u001b[39m\u001b[90m 59 |\u001b[39m     }\n     \u001b[90m    |\u001b[39m      \u001b[31m\u001b[1m^\u001b[22m\u001b[39m\n     \u001b[90m 60 |\u001b[39m     \n     \u001b[90m 61 |\u001b[39m     \u001b[36mif\u001b[39m (directUrl\u001b[33m.\u001b[39mpathname\u001b[33m.\u001b[39mreplace(\u001b[35m/^\\//\u001b[39m\u001b[33m,\u001b[39m \u001b[32m''\u001b[39m) \u001b[33m!==\u001b[39m dbName) {\n     \u001b[90m 62 |\u001b[39m       \u001b[36mthrow\u001b[39m \u001b[36mnew\u001b[39m \u001b[33mError\u001b[39m(\u001b[32m'DATABASE_SAFETY_GUARD_REJECTED_TARGET: DIRECT_URL database differs from DATABASE_URL'\u001b[39m)\u001b[33m;\u001b[39m\u001b[0m\n\n      at assertSafeLocalTestDatabaseTarget (src/lib/test-database-guard.ts:59:19)\n      at Object.<anonymous> (tests/setup.ts:6:58)\n","name":"C:\\Users\\user\\Documents\\JD SOFTWARE PROJECTS\\RENTipid\\tests\\address-system\\profile-address-transactions.test.ts","startTime":1786332399402,"status":"failed","summary":""},{"assertionResults":[],"coverage":{},"endTime":1786332399402,"message":"  ● Test suite failed to run\n\n    DATABASE_SAFETY_GUARD_REJECTED_TARGET: DIRECT_URL database differs from DATABASE_URL\n\n    \u001b[0m \u001b[90m 57 |\u001b[39m     \u001b[36mif\u001b[39m (directUrl\u001b[33m.\u001b[39mhostname \u001b[33m!==\u001b[39m host) {\n     \u001b[90m 58 |\u001b[39m       \u001b[36mthrow\u001b[39m \u001b[36mnew\u001b[39m \u001b[33mError\u001b[39m(\u001b[32m'DATABASE_SAFETY_GUARD_REJECTED_TARGET: DIRECT_URL host differs from DATABASE_URL'\u001b[39m)\u001b[33m;\u001b[39m\n    \u001b[31m\u001b[1m>\u001b[22m\u001b[39m\u001b[90m 59 |\u001b[39m     }\n     \u001b[90m    |\u001b[39m      \u001b[31m\u001b[1m^\u001b[22m\u001b[39m\n     \u001b[90m 60 |\u001b[39m     \n     \u001b[90m 61 |\u001b[39m     \u001b[36mif\u001b[39m (directUrl\u001b[33m.\u001b[39mpathname\u001b[33m.\u001b[39mreplace(\u001b[35m/^\\//\u001b[39m\u001b[33m,\u001b[39m \u001b[32m''\u001b[39m) \u001b[33m!==\u001b[39m dbName) {\n     \u001b[90m 62 |\u001b[39m       \u001b[36mthrow\u001b[39m \u001b[36mnew\u001b[39m \u001b[33mError\u001b[39m(\u001b[32m'DATABASE_SAFETY_GUARD_REJECTED_TARGET: DIRECT_URL database differs from DATABASE_URL'\u001b[39m)\u001b[33m;\u001b[39m\u001b[0m\n\n      at assertSafeLocalTestDatabaseTarget (src/lib/test-database-guard.ts:59:19)\n      at Object.<anonymous> (tests/setup.ts:6:58)\n","name":"C:\\Users\\user\\Documents\\JD SOFTWARE PROJECTS\\RENTipid\\tests\\address-system\\profile-address-idor.test.ts","startTime":1786332399402,"status":"failed","summary":""},{"assertionResults":[],"coverage":{},"endTime":1786332399402,"message":"  ● Test suite failed to run\n\n    DATABASE_SAFETY_GUARD_REJECTED_TARGET: DIRECT_URL database differs from DATABASE_URL\n\n    \u001b[0m \u001b[90m 57 |\u001b[39m     \u001b[36mif\u001b[39m (directUrl\u001b[33m.\u001b[39mhostname \u001b[33m!==\u001b[39m host) {\n     \u001b[90m 58 |\u001b[39m       \u001b[36mthrow\u001b[39m \u001b[36mnew\u001b[39m \u001b[33mError\u001b[39m(\u001b[32m'DATABASE_SAFETY_GUARD_REJECTED_TARGET: DIRECT_URL host differs from DATABASE_URL'\u001b[39m)\u001b[33m;\u001b[39m\n    \u001b[31m\u001b[1m>\u001b[22m\u001b[39m\u001b[90m 59 |\u001b[39m     }\n     \u001b[90m    |\u001b[39m      \u001b[31m\u001b[1m^\u001b[22m\u001b[39m\n     \u001b[90m 60 |\u001b[39m     \n     \u001b[90m 61 |\u001b[39m     \u001b[36mif\u001b[39m (directUrl\u001b[33m.\u001b[39mpathname\u001b[33m.\u001b[39mreplace(\u001b[35m/^\\//\u001b[39m\u001b[33m,\u001b[39m \u001b[32m''\u001b[39m) \u001b[33m!==\u001b[39m dbName) {\n     \u001b[90m 62 |\u001b[39m       \u001b[36mthrow\u001b[39m \u001b[36mnew\u001b[39m \u001b[33mError\u001b[39m(\u001b[32m'DATABASE_SAFETY_GUARD_REJECTED_TARGET: DIRECT_URL database differs from DATABASE_URL'\u001b[39m)\u001b[33m;\u001b[39m\u001b[0m\n\n      at assertSafeLocalTestDatabaseTarget (src/lib/test-database-guard.ts:59:19)\n      at Object.<anonymous> (tests/setup.ts:6:58)\n","name":"C:\\Users\\user\\Documents\\JD SOFTWARE PROJECTS\\RENTipid\\tests\\address-system\\profile-address-crypto.test.ts","startTime":1786332399402,"status":"failed","summary":""},{"assertionResults":[],"coverage":{},"endTime":1786332399402,"message":"  ● Test suite failed to run\n\n    DATABASE_SAFETY_GUARD_REJECTED_TARGET: DIRECT_URL database differs from DATABASE_URL\n\n    \u001b[0m \u001b[90m 57 |\u001b[39m     \u001b[36mif\u001b[39m (directUrl\u001b[33m.\u001b[39mhostname \u001b[33m!==\u001b[39m host) {\n     \u001b[90m 58 |\u001b[39m       \u001b[36mthrow\u001b[39m \u001b[36mnew\u001b[39m \u001b[33mError\u001b[39m(\u001b[32m'DATABASE_SAFETY_GUARD_REJECTED_TARGET: DIRECT_URL host differs from DATABASE_URL'\u001b[39m)\u001b[33m;\u001b[39m\n    \u001b[31m\u001b[1m>\u001b[22m\u001b[39m\u001b[90m 59 |\u001b[39m     }\n     \u001b[90m    |\u001b[39m      \u001b[31m\u001b[1m^\u001b[22m\u001b[39m\n     \u001b[90m 60 |\u001b[39m     \n     \u001b[90m 61 |\u001b[39m     \u001b[36mif\u001b[39m (directUrl\u001b[33m.\u001b[39mpathname\u001b[33m.\u001b[39mreplace(\u001b[35m/^\\//\u001b[39m\u001b[33m,\u001b[39m \u001b[32m''\u001b[39m) \u001b[33m!==\u001b[39m dbName) {\n     \u001b[90m 62 |\u001b[39m       \u001b[36mthrow\u001b[39m \u001b[36mnew\u001b[39m \u001b[33mError\u001b[39m(\u001b[32m'DATABASE_SAFETY_GUARD_REJECTED_TARGET: DIRECT_URL database differs from DATABASE_URL'\u001b[39m)\u001b[33m;\u001b[39m\u001b[0m\n\n      at assertSafeLocalTestDatabaseTarget (src/lib/test-database-guard.ts:59:19)\n      at Object.<anonymous> (tests/setup.ts:6:58)\n","name":"C:\\Users\\user\\Documents\\JD SOFTWARE PROJECTS\\RENTipid\\tests\\address-system\\legacy-migration-safety.test.ts","startTime":1786332399402,"status":"failed","summary":""},{"assertionResults":[],"coverage":{},"endTime":1786332399402,"message":"  ● Test suite failed to run\n\n    DATABASE_SAFETY_GUARD_REJECTED_TARGET: DIRECT_URL database differs from DATABASE_URL\n\n    \u001b[0m \u001b[90m 57 |\u001b[39m     \u001b[36mif\u001b[39m (directUrl\u001b[33m.\u001b[39mhostname \u001b[33m!==\u001b[39m host) {\n     \u001b[90m 58 |\u001b[39m       \u001b[36mthrow\u001b[39m \u001b[36mnew\u001b[39m \u001b[33mError\u001b[39m(\u001b[32m'DATABASE_SAFETY_GUARD_REJECTED_TARGET: DIRECT_URL host differs from DATABASE_URL'\u001b[39m)\u001b[33m;\u001b[39m\n    \u001b[31m\u001b[1m>\u001b[22m\u001b[39m\u001b[90m 59 |\u001b[39m     }\n     \u001b[90m    |\u001b[39m      \u001b[31m\u001b[1m^\u001b[22m\u001b[39m\n     \u001b[90m 60 |\u001b[39m     \n     \u001b[90m 61 |\u001b[39m     \u001b[36mif\u001b[39m (directUrl\u001b[33m.\u001b[39mpathname\u001b[33m.\u001b[39mreplace(\u001b[35m/^\\//\u001b[39m\u001b[33m,\u001b[39m \u001b[32m''\u001b[39m) \u001b[33m!==\u001b[39m dbName) {\n     \u001b[90m 62 |\u001b[39m       \u001b[36mthrow\u001b[39m \u001b[36mnew\u001b[39m \u001b[33mError\u001b[39m(\u001b[32m'DATABASE_SAFETY_GUARD_REJECTED_TARGET: DIRECT_URL database differs from DATABASE_URL'\u001b[39m)\u001b[33m;\u001b[39m\u001b[0m\n\n      at assertSafeLocalTestDatabaseTarget (src/lib/test-database-guard.ts:59:19)\n      at Object.<anonymous> (tests/setup.ts:6:58)\n","name":"C:\\Users\\user\\Documents\\JD SOFTWARE PROJECTS\\RENTipid\\tests\\address-system\\business-lifecycle.test.ts","startTime":1786332399402,"status":"failed","summary":""},{"assertionResults":[],"coverage":{},"endTime":1786332399402,"message":"  ● Test suite failed to run\n\n    DATABASE_SAFETY_GUARD_REJECTED_TARGET: DIRECT_URL database differs from DATABASE_URL\n\n    \u001b[0m \u001b[90m 57 |\u001b[39m     \u001b[36mif\u001b[39m (directUrl\u001b[33m.\u001b[39mhostname \u001b[33m!==\u001b[39m host) {\n     \u001b[90m 58 |\u001b[39m       \u001b[36mthrow\u001b[39m \u001b[36mnew\u001b[39m \u001b[33mError\u001b[39m(\u001b[32m'DATABASE_SAFETY_GUARD_REJECTED_TARGET: DIRECT_URL host differs from DATABASE_URL'\u001b[39m)\u001b[33m;\u001b[39m\n    \u001b[31m\u001b[1m>\u001b[22m\u001b[39m\u001b[90m 59 |\u001b[39m     }\n     \u001b[90m    |\u001b[39m      \u001b[31m\u001b[1m^\u001b[22m\u001b[39m\n     \u001b[90m 60 |\u001b[39m     \n     \u001b[90m 61 |\u001b[39m     \u001b[36mif\u001b[39m (directUrl\u001b[33m.\u001b[39mpathname\u001b[33m.\u001b[39mreplace(\u001b[35m/^\\//\u001b[39m\u001b[33m,\u001b[39m \u001b[32m''\u001b[39m) \u001b[33m!==\u001b[39m dbName) {\n     \u001b[90m 62 |\u001b[39m       \u001b[36mthrow\u001b[39m \u001b[36mnew\u001b[39m \u001b[33mError\u001b[39m(\u001b[32m'DATABASE_SAFETY_GUARD_REJECTED_TARGET: DIRECT_URL database differs from DATABASE_URL'\u001b[39m)\u001b[33m;\u001b[39m\u001b[0m\n\n      at assertSafeLocalTestDatabaseTarget (src/lib/test-database-guard.ts:59:19)\n      at Object.<anonymous> (tests/setup.ts:6:58)\n","name":"C:\\Users\\user\\Documents\\JD SOFTWARE PROJECTS\\RENTipid\\tests\\address-system\\address-strict-validation.test.ts","startTime":1786332399402,"status":"failed","summary":""},{"assertionResults":[],"coverage":{},"endTime":1786332399402,"message":"  ● Test suite failed to run\n\n    DATABASE_SAFETY_GUARD_REJECTED_TARGET: DIRECT_URL database differs from DATABASE_URL\n\n    \u001b[0m \u001b[90m 57 |\u001b[39m     \u001b[36mif\u001b[39m (directUrl\u001b[33m.\u001b[39mhostname \u001b[33m!==\u001b[39m host) {\n     \u001b[90m 58 |\u001b[39m       \u001b[36mthrow\u001b[39m \u001b[36mnew\u001b[39m \u001b[33mError\u001b[39m(\u001b[32m'DATABASE_SAFETY_GUARD_REJECTED_TARGET: DIRECT_URL host differs from DATABASE_URL'\u001b[39m)\u001b[33m;\u001b[39m\n    \u001b[31m\u001b[1m>\u001b[22m\u001b[39m\u001b[90m 59 |\u001b[39m     }\n     \u001b[90m    |\u001b[39m      \u001b[31m\u001b[1m^\u001b[22m\u001b[39m\n     \u001b[90m 60 |\u001b[39m     \n     \u001b[90m 61 |\u001b[39m     \u001b[36mif\u001b[39m (directUrl\u001b[33m.\u001b[39mpathname\u001b[33m.\u001b[39mreplace(\u001b[35m/^\\//\u001b[39m\u001b[33m,\u001b[39m \u001b[32m''\u001b[39m) \u001b[33m!==\u001b[39m dbName) {\n     \u001b[90m 62 |\u001b[39m       \u001b[36mthrow\u001b[39m \u001b[36mnew\u001b[39m \u001b[33mError\u001b[39m(\u001b[32m'DATABASE_SAFETY_GUARD_REJECTED_TARGET: DIRECT_URL database differs from DATABASE_URL'\u001b[39m)\u001b[33m;\u001b[39m\u001b[0m\n\n      at assertSafeLocalTestDatabaseTarget (src/lib/test-database-guard.ts:59:19)\n      at Object.<anonymous> (tests/setup.ts:6:58)\n","name":"C:\\Users\\user\\Documents\\JD SOFTWARE PROJECTS\\RENTipid\\tests\\address-system\\address-token.test.ts","startTime":1786332399402,"status":"failed","summary":""},{"assertionResults":[],"coverage":{},"endTime":1786332399402,"message":"  ● Test suite failed to run\n\n    DATABASE_SAFETY_GUARD_REJECTED_TARGET: DIRECT_URL database differs from DATABASE_URL\n\n    \u001b[0m \u001b[90m 57 |\u001b[39m     \u001b[36mif\u001b[39m (directUrl\u001b[33m.\u001b[39mhostname \u001b[33m!==\u001b[39m host) {\n     \u001b[90m 58 |\u001b[39m       \u001b[36mthrow\u001b[39m \u001b[36mnew\u001b[39m \u001b[33mError\u001b[39m(\u001b[32m'DATABASE_SAFETY_GUARD_REJECTED_TARGET: DIRECT_URL host differs from DATABASE_URL'\u001b[39m)\u001b[33m;\u001b[39m\n    \u001b[31m\u001b[1m>\u001b[22m\u001b[39m\u001b[90m 59 |\u001b[39m     }\n     \u001b[90m    |\u001b[39m      \u001b[31m\u001b[1m^\u001b[22m\u001b[39m\n     \u001b[90m 60 |\u001b[39m     \n     \u001b[90m 61 |\u001b[39m     \u001b[36mif\u001b[39m (directUrl\u001b[33m.\u001b[39mpathname\u001b[33m.\u001b[39mreplace(\u001b[35m/^\\//\u001b[39m\u001b[33m,\u001b[39m \u001b[32m''\u001b[39m) \u001b[33m!==\u001b[39m dbName) {\n     \u001b[90m 62 |\u001b[39m       \u001b[36mthrow\u001b[39m \u001b[36mnew\u001b[39m \u001b[33mError\u001b[39m(\u001b[32m'DATABASE_SAFETY_GUARD_REJECTED_TARGET: DIRECT_URL database differs from DATABASE_URL'\u001b[39m)\u001b[33m;\u001b[39m\u001b[0m\n\n      at assertSafeLocalTestDatabaseTarget (src/lib/test-database-guard.ts:59:19)\n      at Object.<anonymous> (tests/setup.ts:6:58)\n","name":"C:\\Users\\user\\Documents\\JD SOFTWARE PROJECTS\\RENTipid\\tests\\address-system\\address-session-controls.test.tsx","startTime":1786332399402,"status":"failed","summary":""},{"assertionResults":[],"coverage":{},"endTime":1786332399402,"message":"  ● Test suite failed to run\n\n    DATABASE_SAFETY_GUARD_REJECTED_TARGET: DIRECT_URL database differs from DATABASE_URL\n\n    \u001b[0m \u001b[90m 57 |\u001b[39m     \u001b[36mif\u001b[39m (directUrl\u001b[33m.\u001b[39mhostname \u001b[33m!==\u001b[39m host) {\n     \u001b[90m 58 |\u001b[39m       \u001b[36mthrow\u001b[39m \u001b[36mnew\u001b[39m \u001b[33mError\u001b[39m(\u001b[32m'DATABASE_SAFETY_GUARD_REJECTED_TARGET: DIRECT_URL host differs from DATABASE_URL'\u001b[39m)\u001b[33m;\u001b[39m\n    \u001b[31m\u001b[1m>\u001b[22m\u001b[39m\u001b[90m 59 |\u001b[39m     }\n     \u001b[90m    |\u001b[39m      \u001b[31m\u001b[1m^\u001b[22m\u001b[39m\n     \u001b[90m 60 |\u001b[39m     \n     \u001b[90m 61 |\u001b[39m     \u001b[36mif\u001b[39m (directUrl\u001b[33m.\u001b[39mpathname\u001b[33m.\u001b[39mreplace(\u001b[35m/^\\//\u001b[39m\u001b[33m,\u001b[39m \u001b[32m''\u001b[39m) \u001b[33m!==\u001b[39m dbName) {\n     \u001b[90m 62 |\u001b[39m       \u001b[36mthrow\u001b[39m \u001b[36mnew\u001b[39m \u001b[33mError\u001b[39m(\u001b[32m'DATABASE_SAFETY_GUARD_REJECTED_TARGET: DIRECT_URL database differs from DATABASE_URL'\u001b[39m)\u001b[33m;\u001b[39m\u001b[0m\n\n      at assertSafeLocalTestDatabaseTarget (src/lib/test-database-guard.ts:59:19)\n      at Object.<anonymous> (tests/setup.ts:6:58)\n","name":"C:\\Users\\user\\Documents\\JD SOFTWARE PROJECTS\\RENTipid\\tests\\address-system\\address-rate-limit.test.ts","startTime":1786332399402,"status":"failed","summary":""},{"assertionResults":[],"coverage":{},"endTime":1786332399402,"message":"  ● Test suite failed to run\n\n    DATABASE_SAFETY_GUARD_REJECTED_TARGET: DIRECT_URL database differs from DATABASE_URL\n\n    \u001b[0m \u001b[90m 57 |\u001b[39m     \u001b[36mif\u001b[39m (directUrl\u001b[33m.\u001b[39mhostname \u001b[33m!==\u001b[39m host) {\n     \u001b[90m 58 |\u001b[39m       \u001b[36mthrow\u001b[39m \u001b[36mnew\u001b[39m \u001b[33mError\u001b[39m(\u001b[32m'DATABASE_SAFETY_GUARD_REJECTED_TARGET: DIRECT_URL host differs from DATABASE_URL'\u001b[39m)\u001b[33m;\u001b[39m\n    \u001b[31m\u001b[1m>\u001b[22m\u001b[39m\u001b[90m 59 |\u001b[39m     }\n     \u001b[90m    |\u001b[39m      \u001b[31m\u001b[1m^\u001b[22m\u001b[39m\n     \u001b[90m 60 |\u001b[39m     \n     \u001b[90m 61 |\u001b[39m     \u001b[36mif\u001b[39m (directUrl\u001b[33m.\u001b[39mpathname\u001b[33m.\u001b[39mreplace(\u001b[35m/^\\//\u001b[39m\u001b[33m,\u001b[39m \u001b[32m''\u001b[39m) \u001b[33m!==\u001b[39m dbName) {\n     \u001b[90m 62 |\u001b[39m       \u001b[36mthrow\u001b[39m \u001b[36mnew\u001b[39m \u001b[33mError\u001b[39m(\u001b[32m'DATABASE_SAFETY_GUARD_REJECTED_TARGET: DIRECT_URL database differs from DATABASE_URL'\u001b[39m)\u001b[33m;\u001b[39m\u001b[0m\n\n      at assertSafeLocalTestDatabaseTarget (src/lib/test-database-guard.ts:59:19)\n      at Object.<anonymous> (tests/setup.ts:6:58)\n","name":"C:\\Users\\user\\Documents\\JD SOFTWARE PROJECTS\\RENTipid\\tests\\address-system\\address-provider-semantics.test.ts","startTime":1786332399402,"status":"failed","summary":""},{"assertionResults":[],"coverage":{},"endTime":1786332399402,"message":"  ● Test suite failed to run\n\n    DATABASE_SAFETY_GUARD_REJECTED_TARGET: DIRECT_URL database differs from DATABASE_URL\n\n    \u001b[0m \u001b[90m 57 |\u001b[39m     \u001b[36mif\u001b[39m (directUrl\u001b[33m.\u001b[39mhostname \u001b[33m!==\u001b[39m host) {\n     \u001b[90m 58 |\u001b[39m       \u001b[36mthrow\u001b[39m \u001b[36mnew\u001b[39m \u001b[33mError\u001b[39m(\u001b[32m'DATABASE_SAFETY_GUARD_REJECTED_TARGET: DIRECT_URL host differs from DATABASE_URL'\u001b[39m)\u001b[33m;\u001b[39m\n    \u001b[31m\u001b[1m>\u001b[22m\u001b[39m\u001b[90m 59 |\u001b[39m     }\n     \u001b[90m    |\u001b[39m      \u001b[31m\u001b[1m^\u001b[22m\u001b[39m\n     \u001b[90m 60 |\u001b[39m     \n     \u001b[90m 61 |\u001b[39m     \u001b[36mif\u001b[39m (directUrl\u001b[33m.\u001b[39mpathname\u001b[33m.\u001b[39mreplace(\u001b[35m/^\\//\u001b[39m\u001b[33m,\u001b[39m \u001b[32m''\u001b[39m) \u001b[33m!==\u001b[39m dbName) {\n     \u001b[90m 62 |\u001b[39m       \u001b[36mthrow\u001b[39m \u001b[36mnew\u001b[39m \u001b[33mError\u001b[39m(\u001b[32m'DATABASE_SAFETY_GUARD_REJECTED_TARGET: DIRECT_URL database differs from DATABASE_URL'\u001b[39m)\u001b[33m;\u001b[39m\u001b[0m\n\n      at assertSafeLocalTestDatabaseTarget (src/lib/test-database-guard.ts:59:19)\n      at Object.<anonymous> (tests/setup.ts:6:58)\n","name":"C:\\Users\\user\\Documents\\JD SOFTWARE PROJECTS\\RENTipid\\tests\\address-system\\address-normalizer.test.ts","startTime":1786332399402,"status":"failed","summary":""},{"assertionResults":[],"coverage":{},"endTime":1786332399402,"message":"  ● Test suite failed to run\n\n    DATABASE_SAFETY_GUARD_REJECTED_TARGET: DIRECT_URL database differs from DATABASE_URL\n\n    \u001b[0m \u001b[90m 57 |\u001b[39m     \u001b[36mif\u001b[39m (directUrl\u001b[33m.\u001b[39mhostname \u001b[33m!==\u001b[39m host) {\n     \u001b[90m 58 |\u001b[39m       \u001b[36mthrow\u001b[39m \u001b[36mnew\u001b[39m \u001b[33mError\u001b[39m(\u001b[32m'DATABASE_SAFETY_GUARD_REJECTED_TARGET: DIRECT_URL host differs from DATABASE_URL'\u001b[39m)\u001b[33m;\u001b[39m\n    \u001b[31m\u001b[1m>\u001b[22m\u001b[39m\u001b[90m 59 |\u001b[39m     }\n     \u001b[90m    |\u001b[39m      \u001b[31m\u001b[1m^\u001b[22m\u001b[39m\n     \u001b[90m 60 |\u001b[39m     \n     \u001b[90m 61 |\u001b[39m     \u001b[36mif\u001b[39m (directUrl\u001b[33m.\u001b[39mpathname\u001b[33m.\u001b[39mreplace(\u001b[35m/^\\//\u001b[39m\u001b[33m,\u001b[39m \u001b[32m''\u001b[39m) \u001b[33m!==\u001b[39m dbName) {\n     \u001b[90m 62 |\u001b[39m       \u001b[36mthrow\u001b[39m \u001b[36mnew\u001b[39m \u001b[33mError\u001b[39m(\u001b[32m'DATABASE_SAFETY_GUARD_REJECTED_TARGET: DIRECT_URL database differs from DATABASE_URL'\u001b[39m)\u001b[33m;\u001b[39m\u001b[0m\n\n      at assertSafeLocalTestDatabaseTarget (src/lib/test-database-guard.ts:59:19)\n      at Object.<anonymous> (tests/setup.ts:6:58)\n","name":"C:\\Users\\user\\Documents\\JD SOFTWARE PROJECTS\\RENTipid\\tests\\address-system\\address-pii-logging.test.ts","startTime":1786332399402,"status":"failed","summary":""},{"assertionResults":[],"coverage":{},"endTime":1786332399403,"message":"  ● Test suite failed to run\n\n    DATABASE_SAFETY_GUARD_REJECTED_TARGET: DIRECT_URL database differs from DATABASE_URL\n\n    \u001b[0m \u001b[90m 57 |\u001b[39m     \u001b[36mif\u001b[39m (directUrl\u001b[33m.\u001b[39mhostname \u001b[33m!==\u001b[39m host) {\n     \u001b[90m 58 |\u001b[39m       \u001b[36mthrow\u001b[39m \u001b[36mnew\u001b[39m \u001b[33mError\u001b[39m(\u001b[32m'DATABASE_SAFETY_GUARD_REJECTED_TARGET: DIRECT_URL host differs from DATABASE_URL'\u001b[39m)\u001b[33m;\u001b[39m\n    \u001b[31m\u001b[1m>\u001b[22m\u001b[39m\u001b[90m 59 |\u001b[39m     }\n     \u001b[90m    |\u001b[39m      \u001b[31m\u001b[1m^\u001b[22m\u001b[39m\n     \u001b[90m 60 |\u001b[39m     \n     \u001b[90m 61 |\u001b[39m     \u001b[36mif\u001b[39m (directUrl\u001b[33m.\u001b[39mpathname\u001b[33m.\u001b[39mreplace(\u001b[35m/^\\//\u001b[39m\u001b[33m,\u001b[39m \u001b[32m''\u001b[39m) \u001b[33m!==\u001b[39m dbName) {\n     \u001b[90m 62 |\u001b[39m       \u001b[36mthrow\u001b[39m \u001b[36mnew\u001b[39m \u001b[33mError\u001b[39m(\u001b[32m'DATABASE_SAFETY_GUARD_REJECTED_TARGET: DIRECT_URL database differs from DATABASE_URL'\u001b[39m)\u001b[33m;\u001b[39m\u001b[0m\n\n      at assertSafeLocalTestDatabaseTarget (src/lib/test-database-guard.ts:59:19)\n      at Object.<anonymous> (tests/setup.ts:6:58)\n","name":"C:\\Users\\user\\Documents\\JD SOFTWARE PROJECTS\\RENTipid\\tests\\address-system\\address-international.test.ts","startTime":1786332399403,"status":"failed","summary":""},{"assertionResults":[],"coverage":{},"endTime":1786332399403,"message":"  ● Test suite failed to run\n\n    DATABASE_SAFETY_GUARD_REJECTED_TARGET: DIRECT_URL database differs from DATABASE_URL\n\n    \u001b[0m \u001b[90m 57 |\u001b[39m     \u001b[36mif\u001b[39m (directUrl\u001b[33m.\u001b[39mhostname \u001b[33m!==\u001b[39m host) {\n     \u001b[90m 58 |\u001b[39m       \u001b[36mthrow\u001b[39m \u001b[36mnew\u001b[39m \u001b[33mError\u001b[39m(\u001b[32m'DATABASE_SAFETY_GUARD_REJECTED_TARGET: DIRECT_URL host differs from DATABASE_URL'\u001b[39m)\u001b[33m;\u001b[39m\n    \u001b[31m\u001b[1m>\u001b[22m\u001b[39m\u001b[90m 59 |\u001b[39m     }\n     \u001b[90m    |\u001b[39m      \u001b[31m\u001b[1m^\u001b[22m\u001b[39m\n     \u001b[90m 60 |\u001b[39m     \n     \u001b[90m 61 |\u001b[39m     \u001b[36mif\u001b[39m (directUrl\u001b[33m.\u001b[39mpathname\u001b[33m.\u001b[39mreplace(\u001b[35m/^\\//\u001b[39m\u001b[33m,\u001b[39m \u001b[32m''\u001b[39m) \u001b[33m!==\u001b[39m dbName) {\n     \u001b[90m 62 |\u001b[39m       \u001b[36mthrow\u001b[39m \u001b[36mnew\u001b[39m \u001b[33mError\u001b[39m(\u001b[32m'DATABASE_SAFETY_GUARD_REJECTED_TARGET: DIRECT_URL database differs from DATABASE_URL'\u001b[39m)\u001b[33m;\u001b[39m\u001b[0m\n\n      at assertSafeLocalTestDatabaseTarget (src/lib/test-database-guard.ts:59:19)\n      at Object.<anonymous> (tests/setup.ts:6:58)\n","name":"C:\\Users\\user\\Documents\\JD SOFTWARE PROJECTS\\RENTipid\\tests\\address-system\\address-country-change.test.tsx","startTime":1786332399403,"status":"failed","summary":""},{"assertionResults":[],"coverage":{},"endTime":1786332399403,"message":"  ● Test suite failed to run\n\n    DATABASE_SAFETY_GUARD_REJECTED_TARGET: DIRECT_URL database differs from DATABASE_URL\n\n    \u001b[0m \u001b[90m 57 |\u001b[39m     \u001b[36mif\u001b[39m (directUrl\u001b[33m.\u001b[39mhostname \u001b[33m!==\u001b[39m host) {\n     \u001b[90m 58 |\u001b[39m       \u001b[36mthrow\u001b[39m \u001b[36mnew\u001b[39m \u001b[33mError\u001b[39m(\u001b[32m'DATABASE_SAFETY_GUARD_REJECTED_TARGET: DIRECT_URL host differs from DATABASE_URL'\u001b[39m)\u001b[33m;\u001b[39m\n    \u001b[31m\u001b[1m>\u001b[22m\u001b[39m\u001b[90m 59 |\u001b[39m     }\n     \u001b[90m    |\u001b[39m      \u001b[31m\u001b[1m^\u001b[22m\u001b[39m\n     \u001b[90m 60 |\u001b[39m     \n     \u001b[90m 61 |\u001b[39m     \u001b[36mif\u001b[39m (directUrl\u001b[33m.\u001b[39mpathname\u001b[33m.\u001b[39mreplace(\u001b[35m/^\\//\u001b[39m\u001b[33m,\u001b[39m \u001b[32m''\u001b[39m) \u001b[33m!==\u001b[39m dbName) {\n     \u001b[90m 62 |\u001b[39m       \u001b[36mthrow\u001b[39m \u001b[36mnew\u001b[39m \u001b[33mError\u001b[39m(\u001b[32m'DATABASE_SAFETY_GUARD_REJECTED_TARGET: DIRECT_URL database differs from DATABASE_URL'\u001b[39m)\u001b[33m;\u001b[39m\u001b[0m\n\n      at assertSafeLocalTestDatabaseTarget (src/lib/test-database-guard.ts:59:19)\n      at Object.<anonymous> (tests/setup.ts:6:58)\n","name":"C:\\Users\\user\\Documents\\JD SOFTWARE PROJECTS\\RENTipid\\tests\\address-system\\address-api.test.ts","startTime":1786332399403,"status":"failed","summary":""},{"assertionResults":[],"coverage":{},"endTime":1786332399403,"message":"  ● Test suite failed to run\n\n    DATABASE_SAFETY_GUARD_REJECTED_TARGET: DIRECT_URL database differs from DATABASE_URL\n\n    \u001b[0m \u001b[90m 57 |\u001b[39m     \u001b[36mif\u001b[39m (directUrl\u001b[33m.\u001b[39mhostname \u001b[33m!==\u001b[39m host) {\n     \u001b[90m 58 |\u001b[39m       \u001b[36mthrow\u001b[39m \u001b[36mnew\u001b[39m \u001b[33mError\u001b[39m(\u001b[32m'DATABASE_SAFETY_GUARD_REJECTED_TARGET: DIRECT_URL host differs from DATABASE_URL'\u001b[39m)\u001b[33m;\u001b[39m\n    \u001b[31m\u001b[1m>\u001b[22m\u001b[39m\u001b[90m 59 |\u001b[39m     }\n     \u001b[90m    |\u001b[39m      \u001b[31m\u001b[1m^\u001b[22m\u001b[39m\n     \u001b[90m 60 |\u001b[39m     \n     \u001b[90m 61 |\u001b[39m     \u001b[36mif\u001b[39m (directUrl\u001b[33m.\u001b[39mpathname\u001b[33m.\u001b[39mreplace(\u001b[35m/^\\//\u001b[39m\u001b[33m,\u001b[39m \u001b[32m''\u001b[39m) \u001b[33m!==\u001b[39m dbName) {\n     \u001b[90m 62 |\u001b[39m       \u001b[36mthrow\u001b[39m \u001b[36mnew\u001b[39m \u001b[33mError\u001b[39m(\u001b[32m'DATABASE_SAFETY_GUARD_REJECTED_TARGET: DIRECT_URL database differs from DATABASE_URL'\u001b[39m)\u001b[33m;\u001b[39m\u001b[0m\n\n      at assertSafeLocalTestDatabaseTarget (src/lib/test-database-guard.ts:59:19)\n      at Object.<anonymous> (tests/setup.ts:6:58)\n","name":"C:\\Users\\user\\Documents\\JD SOFTWARE PROJECTS\\RENTipid\\tests\\address-system\\address-accessibility.test.tsx","startTime":1786332399403,"status":"failed","summary":""}],"wasInterrupted":false}
